<?xml version="1.0" encoding="UTF-8"?>
<testsuite xmlns:xsi="http://www.w3.org/2001/XMLSchema-instance" xsi:noNamespaceSchemaLocation="https://maven.apache.org/surefire/maven-surefire-plugin/xsd/surefire-test-report.xsd" name="TestSuite" time="46.826" tests="13" errors="0" skipped="0" failures="2">
  <properties>
[...]
</properties>
  <testcase name="asUserCreateNewPetTest" classname="com.capgemini.rest.tests.better.CreatePetTests" time="3.815"/>
  <testcase name="asNonRegisteredUserSearchForArticleInPetStoreTest" classname="com.capgemini.tests.petstore.search.PetStoreSearchTests" time="1.055"/>
  <testcase name="asNonRegisteredUserSearchForArticleInPetStoreTest" classname="com.capgemini.tests.petstore.search.PetStoreSearchTests" time="0.756"/>
  <testcase name="asUserGetCreatedPetTest" classname="com.capgemini.rest.tests.better.CreatePetTests" time="0.793"/>
  <testcase name="asCustomerSearchForArticle" classname="com.capgemini.tests.search.SearchArticlesTest" time="5.845">
    <failure message="Article name should be Dress expected [Dress] but found [Printed Summer Dress]" type="java.lang.AssertionError">java.lang.AssertionError: Article name should be Dress expected [Dress] but found [Printed Summer Dress]
	at com.capgemini.tests.search.SearchArticlesTest.asCustomerSearchForArticle(SearchArticlesTest.java:16)
</failure>
    <system-out><![CDATA[[INFO ] 2019-06-16 09:49:07.258 [main] com.capgemini.listener.DriverEventListener - Trying to navigate to http://automationpractice.com/index.php
[INFO ] 2019-06-16 09:49:11.473 [main] com.capgemini.listener.DriverEventListener - Navigated to http://automationpractice.com/index.php
[INFO ] 2019-06-16 09:49:11.474 [main] com.capgemini.listener.DriverEventListener - Trying to find element with locator By.id: search_query_top
[INFO ] 2019-06-16 09:49:11.494 [main] com.capgemini.listener.DriverEventListener - Found element with locator By.id: search_query_top
[INFO ] 2019-06-16 09:49:11.510 [main] com.capgemini.listener.DriverEventListener - Trying to find element with locator By.id: search_query_top
[INFO ] 2019-06-16 09:49:11.523 [main] com.capgemini.listener.DriverEventListener - Found element with locator By.id: search_query_top
[INFO ] 2019-06-16 09:49:11.529 [main] com.capgemini.listener.DriverEventListener - Trying to enter empty string or clear element: input
[INFO ] 2019-06-16 09:49:11.555 [main] com.capgemini.listener.DriverEventListener - Entered empty string or cleared element: input
[INFO ] 2019-06-16 09:49:11.555 [main] com.capgemini.listener.DriverEventListener - Trying to find element with locator By.id: search_query_top
[INFO ] 2019-06-16 09:49:11.568 [main] com.capgemini.listener.DriverEventListener - Found element with locator By.id: search_query_top
[INFO ] 2019-06-16 09:49:11.573 [main] com.capgemini.listener.DriverEventListener - Trying to type into element: input text [Dress]
[INFO ] 2019-06-16 09:49:11.640 [main] com.capgemini.listener.DriverEventListener - Typed into element: input text [Dress]
[INFO ] 2019-06-16 09:49:11.641 [main] com.capgemini.page.objects.HomePage - Typed into search field Dress
[INFO ] 2019-06-16 09:49:11.644 [main] com.capgemini.listener.DriverEventListener - Trying to find element with locator By.name: submit_search
[INFO ] 2019-06-16 09:49:11.670 [main] com.capgemini.listener.DriverEventListener - Found element with locator By.name: submit_search
[INFO ] 2019-06-16 09:49:11.678 [main] com.capgemini.listener.DriverEventListener - Trying to click on element with tag name: button
[INFO ] 2019-06-16 09:49:13.022 [main] com.capgemini.listener.DriverEventListener - Clicked on element
[INFO ] 2019-06-16 09:49:13.023 [main] com.capgemini.page.objects.HomePage - Clicked on Search Icon
[INFO ] 2019-06-16 09:49:13.024 [main] com.capgemini.listener.DriverEventListener - Trying to find element with locator By.cssSelector: div[class='product-container'] a[class='product-name']
[INFO ] 2019-06-16 09:49:13.042 [main] com.capgemini.listener.DriverEventListener - Found element with locator By.cssSelector: div[class='product-container'] a[class='product-name']
[INFO ] 2019-06-16 09:49:13.042 [main] com.capgemini.listener.DriverEventListener - Trying to get text for WebElement
[INFO ] 2019-06-16 09:49:13.063 [main] com.capgemini.listener.DriverEventListener - Taken text of WebElement. Text wast Printed Summer Dress
]]></system-out>
    <system-err><![CDATA[Starting ChromeDriver 2.37.544315 (730aa6a5fdba159ac9f4c1e8cbc59bf1b5ce12b7) on port 17006
Only local connections are allowed.
cze 16, 2019 9:49:06 AM org.openqa.selenium.remote.ProtocolHandshake createSession
INFO: Detected dialect: OSS
]]></system-err>
  </testcase>
  <testcase name="asUserUpdateCreatedPetTest" classname="com.capgemini.rest.tests.better.CreatePetTests" time="0.94"/>
  <testcase name="asUserDeleteCreatedPetTest" classname="com.capgemini.rest.tests.better.CreatePetTests" time="0.708"/>
  <testcase name="deleteApiTest" classname="com.capgemini.rest.tests.initial.DeleteApiTest" time="0.642"/>
  <testcase name="getApiTest" classname="com.capgemini.rest.tests.initial.GetApiTest" time="0.675">
    <failure message="1 expectation failed.&#10;Expected status code &lt;200&gt; but was &lt;404&gt;.&#10;" type="java.lang.AssertionError"><![CDATA[java.lang.AssertionError: 
1 expectation failed.
Expected status code <200> but was <404>.

	at com.capgemini.rest.tests.initial.GetApiTest.getApiTest(GetApiTest.java:23)
]]></failure>
    <system-out><![CDATA[Request method:	GET
Request URI:	https://petstore.swagger.io/v2/pet/123
Proxy:			<none>
Request params:	<none>
Query params:	<none>
Form params:	<none>
Path params:	<none>
Headers:		Accept=*/*
				Content-Type=application/json; charset=UTF-8
Cookies:		<none>
Multiparts:		<none>
Body:			<none>
{
    "code": 1,
    "type": "error",
    "message": "Pet not found"
}
{
    "code": 1,
    "type": "error",
    "message": "Pet not found"
}
]]></system-out>
  </testcase>
  <testcase name="postApiTest" classname="com.capgemini.rest.tests.initial.PostApiTest" time="0.676"/>
  <testcase name="putApiTest" classname="com.capgemini.rest.tests.initial.PutApiTest" time="0.654"/>
  <testcase name="asUserTryToLoginWithIncorrectCredentialsTest" classname="com.capgemini.tests.login.LoginTest" time="4.27"/>
  <testcase name="myFirstTest" classname="com.capgemini.tests.other.MyFirstTest" time="2.828"/>
</testsuite>